SF:./app/channels/application_cable/channel.rb
DA:1,0
DA:2,0
DA:3,0
DA:4,0
end_of_record
SF:./app/channels/application_cable/connection.rb
DA:1,0
DA:2,0
DA:3,0
DA:4,0
end_of_record
SF:./app/controllers/alunos_controller.rb
DA:1,1
DA:2,1
DA:4,1
DA:5,4
DA:7,4
DA:8,1
DA:10,3
DA:14,1
DA:15,1
DA:18,1
DA:19,1
DA:20,4
end_of_record
SF:./app/controllers/application_controller.rb
DA:1,1
end_of_record
SF:./app/helpers/alunos_helper.rb
DA:1,1
end_of_record
SF:./app/helpers/application_helper.rb
DA:1,1
end_of_record
SF:./app/jobs/application_job.rb
DA:1,0
DA:7,0
end_of_record
SF:./app/mailers/application_mailer.rb
DA:1,0
DA:2,0
DA:3,0
DA:4,0
end_of_record
SF:./app/models/aluno.rb
DA:1,1
DA:2,1
DA:3,1
end_of_record
SF:./app/models/application_record.rb
DA:1,1
DA:2,1
end_of_record
